<?xml version="1.0" encoding="UTF-8"?>
<!-- Generated by org.testng.reporters.JUnitXMLReporter -->
<testsuite ignored="0" hostname="SURYA" failures="0" tests="7" name="my tests" time="10.511" errors="0" timestamp="2024-07-29T13:18:23 IST">
  <testcase classname="testng.FirstTestCase" name="openapp" time="0.02"/>
  <testcase classname="testng.FirstTestCase" name="login" time="0.001"/>
  <testcase classname="testng.FirstTestCase" name="logout" time="0.002"/>
  <testcase classname="testng.OrangeHRMTest" name="openapp" time="6.19"/>
  <testcase classname="testng.OrangeHRMTest" name="testlogo" time="2.118"/>
  <testcase classname="testng.OrangeHRMTest" name="login" time="1.915"/>
  <testcase classname="testng.OrangeHRMTest" name="logout" time="0.195"/>
</testsuite> <!-- my tests -->
