<?xml version="1.0" encoding="UTF-8"?>
<!-- Generated by org.testng.reporters.JUnitXMLReporter -->
<testsuite ignored="6" hostname="SURYA" failures="0" tests="2" name="groupingtests" time="0.08" errors="0" timestamp="2024-07-30T17:24:11 IST">
  <testcase classname="testng.PaymentTests" name="paymentinRupees" time="0.015"/>
  <testcase classname="testng.PaymentTests" name="paymentinDollars" time="0.002"/>
  <testcase classname="testng.LoginTests" name="loginByEmail" time="0.0">
    <ignored/>
  </testcase> <!-- loginByEmail -->
  <testcase classname="testng.SignupTests" name="signupBytwitter" time="0.0">
    <ignored/>
  </testcase> <!-- signupBytwitter -->
  <testcase classname="testng.SignupTests" name="signupByfacebook" time="0.0">
    <ignored/>
  </testcase> <!-- signupByfacebook -->
  <testcase classname="testng.LoginTests" name="loginByTwitter" time="0.0">
    <ignored/>
  </testcase> <!-- loginByTwitter -->
  <testcase classname="testng.LoginTests" name="loginByFacebook" time="0.0">
    <ignored/>
  </testcase> <!-- loginByFacebook -->
  <testcase classname="testng.SignupTests" name="signupByemail" time="0.0">
    <ignored/>
  </testcase> <!-- signupByemail -->
</testsuite> <!-- groupingtests -->
