<?xml version="1.0" encoding="UTF-8"?>
<testng-results ignored="0" total="3" passed="3" failed="0" skipped="0">
  <reporter-output>
  </reporter-output>
  <suite started-at="2024-08-13T17:59:37 IST" name="Suite" finished-at="2024-08-13T17:59:47 IST" duration-ms="10408">
    <groups>
    </groups>
    <test started-at="2024-08-13T17:59:37 IST" name="Test" finished-at="2024-08-13T17:59:47 IST" duration-ms="10408">
      <class name="testng.OrangeHRM">
        <test-method is-config="true" signature="setup()[pri:0, instance:testng.OrangeHRM@6a6cb05c]" started-at="2024-08-13T17:59:37 IST" name="setup" finished-at="2024-08-13T17:59:45 IST" duration-ms="7901" status="PASS">
          <reporter-output>
          </reporter-output>
        </test-method> <!-- setup -->
        <test-method signature="testlogo()[pri:1, instance:testng.OrangeHRM@6a6cb05c]" started-at="2024-08-13T17:59:45 IST" name="testlogo" finished-at="2024-08-13T17:59:47 IST" duration-ms="2048" status="PASS">
          <reporter-output>
          </reporter-output>
        </test-method> <!-- testlogo -->
        <test-method signature="testappurl()[pri:2, instance:testng.OrangeHRM@6a6cb05c]" started-at="2024-08-13T17:59:47 IST" name="testappurl" finished-at="2024-08-13T17:59:47 IST" duration-ms="0" status="PASS">
          <reporter-output>
          </reporter-output>
        </test-method> <!-- testappurl -->
        <test-method signature="testHomePageTitle()[pri:3, instance:testng.OrangeHRM@6a6cb05c]" started-at="2024-08-13T17:59:47 IST" name="testHomePageTitle" finished-at="2024-08-13T17:59:47 IST" duration-ms="0" status="PASS">
          <reporter-output>
          </reporter-output>
        </test-method> <!-- testHomePageTitle -->
        <test-method is-config="true" signature="tearDown()[pri:0, instance:testng.OrangeHRM@6a6cb05c]" started-at="2024-08-13T17:59:47 IST" name="tearDown" finished-at="2024-08-13T17:59:47 IST" duration-ms="177" status="PASS">
          <reporter-output>
          </reporter-output>
        </test-method> <!-- tearDown -->
      </class> <!-- testng.OrangeHRM -->
    </test> <!-- Test -->
  </suite> <!-- Suite -->
</testng-results>
